[2022-12-14 15:36:15] local.INFO: PDOException: SQLSTATE[42S02]: Base table or view not found: 1146 Table 'evalupro_db.pusher_settings' doesn't exist in D:\xampp\htdocs\standalone\vendor\laravel\framework\src\Illuminate\Database\Connection.php:413
Stack trace:
#0 D:\xampp\htdocs\standalone\vendor\laravel\framework\src\Illuminate\Database\Connection.php(413): PDO->prepare('select * from `...')
#1 D:\xampp\htdocs\standalone\vendor\laravel\framework\src\Illuminate\Database\Connection.php(752): Illuminate\Database\Connection->Illuminate\Database\{closure}('select * from `...', Array)
#2 D:\xampp\htdocs\standalone\vendor\laravel\framework\src\Illuminate\Database\Connection.php(719): Illuminate\Database\Connection->runQueryCallback('select * from `...', Array, Object(Closure))
#3 D:\xampp\htdocs\standalone\vendor\laravel\framework\src\Illuminate\Database\Connection.php(421): Illuminate\Database\Connection->run('select * from `...', Array, Object(Closure))
#4 D:\xampp\htdocs\standalone\vendor\laravel\framework\src\Illuminate\Database\Query\Builder.php(2630): Illuminate\Database\Connection->select('select * from `...', Array, true)
#5 D:\xampp\htdocs\standalone\vendor\laravel\framework\src\Illuminate\Database\Query\Builder.php(2618): Illuminate\Database\Query\Builder->runSelect()
#6 D:\xampp\htdocs\standalone\vendor\laravel\framework\src\Illuminate\Database\Query\Builder.php(3154): Illuminate\Database\Query\Builder->Illuminate\Database\Query\{closure}()
#7 D:\xampp\htdocs\standalone\vendor\laravel\framework\src\Illuminate\Database\Query\Builder.php(2619): Illuminate\Database\Query\Builder->onceWithColumns(Array, Object(Closure))
#8 D:\xampp\htdocs\standalone\vendor\laravel\framework\src\Illuminate\Database\Concerns\BuildsQueries.php(296): Illuminate\Database\Query\Builder->get(Array)
#9 D:\xampp\htdocs\standalone\app\Providers\BroadcastServiceProvider.php(17): Illuminate\Database\Query\Builder->first()
#10 D:\xampp\htdocs\standalone\vendor\laravel\framework\src\Illuminate\Foundation\Application.php(689): App\Providers\BroadcastServiceProvider->register()
#11 D:\xampp\htdocs\standalone\vendor\laravel\framework\src\Illuminate\Foundation\ProviderRepository.php(75): Illuminate\Foundation\Application->register(Object(App\Providers\BroadcastServiceProvider))
#12 D:\xampp\htdocs\standalone\vendor\laravel\framework\src\Illuminate\Foundation\Application.php(666): Illuminate\Foundation\ProviderRepository->load(Array)
#13 D:\xampp\htdocs\standalone\vendor\laravel\framework\src\Illuminate\Foundation\Bootstrap\RegisterProviders.php(17): Illuminate\Foundation\Application->registerConfiguredProviders()
#14 D:\xampp\htdocs\standalone\vendor\laravel\framework\src\Illuminate\Foundation\Application.php(242): Illuminate\Foundation\Bootstrap\RegisterProviders->bootstrap(Object(Illuminate\Foundation\Application))
#15 D:\xampp\htdocs\standalone\vendor\laravel\framework\src\Illuminate\Foundation\Http\Kernel.php(153): Illuminate\Foundation\Application->bootstrapWith(Array)
#16 D:\xampp\htdocs\standalone\vendor\laravel\framework\src\Illuminate\Foundation\Http\Kernel.php(137): Illuminate\Foundation\Http\Kernel->bootstrap()
#17 D:\xampp\htdocs\standalone\vendor\laravel\framework\src\Illuminate\Foundation\Http\Kernel.php(111): Illuminate\Foundation\Http\Kernel->sendRequestThroughRouter(Object(Illuminate\Http\Request))
#18 D:\xampp\htdocs\standalone\public\index.php(64): Illuminate\Foundation\Http\Kernel->handle(Object(Illuminate\Http\Request))
#19 {main}

Next Illuminate\Database\QueryException: SQLSTATE[42S02]: Base table or view not found: 1146 Table 'evalupro_db.pusher_settings' doesn't exist (SQL: select * from `pusher_settings` limit 1) in D:\xampp\htdocs\standalone\vendor\laravel\framework\src\Illuminate\Database\Connection.php:759
Stack trace:
#0 D:\xampp\htdocs\standalone\vendor\laravel\framework\src\Illuminate\Database\Connection.php(719): Illuminate\Database\Connection->runQueryCallback('select * from `...', Array, Object(Closure))
#1 D:\xampp\htdocs\standalone\vendor\laravel\framework\src\Illuminate\Database\Connection.php(421): Illuminate\Database\Connection->run('select * from `...', Array, Object(Closure))
#2 D:\xampp\htdocs\standalone\vendor\laravel\framework\src\Illuminate\Database\Query\Builder.php(2630): Illuminate\Database\Connection->select('select * from `...', Array, true)
#3 D:\xampp\htdocs\standalone\vendor\laravel\framework\src\Illuminate\Database\Query\Builder.php(2618): Illuminate\Database\Query\Builder->runSelect()
#4 D:\xampp\htdocs\standalone\vendor\laravel\framework\src\Illuminate\Database\Query\Builder.php(3154): Illuminate\Database\Query\Builder->Illuminate\Database\Query\{closure}()
#5 D:\xampp\htdocs\standalone\vendor\laravel\framework\src\Illuminate\Database\Query\Builder.php(2619): Illuminate\Database\Query\Builder->onceWithColumns(Array, Object(Closure))
#6 D:\xampp\htdocs\standalone\vendor\laravel\framework\src\Illuminate\Database\Concerns\BuildsQueries.php(296): Illuminate\Database\Query\Builder->get(Array)
#7 D:\xampp\htdocs\standalone\app\Providers\BroadcastServiceProvider.php(17): Illuminate\Database\Query\Builder->first()
#8 D:\xampp\htdocs\standalone\vendor\laravel\framework\src\Illuminate\Foundation\Application.php(689): App\Providers\BroadcastServiceProvider->register()
#9 D:\xampp\htdocs\standalone\vendor\laravel\framework\src\Illuminate\Foundation\ProviderRepository.php(75): Illuminate\Foundation\Application->register(Object(App\Providers\BroadcastServiceProvider))
#10 D:\xampp\htdocs\standalone\vendor\laravel\framework\src\Illuminate\Foundation\Application.php(666): Illuminate\Foundation\ProviderRepository->load(Array)
#11 D:\xampp\htdocs\standalone\vendor\laravel\framework\src\Illuminate\Foundation\Bootstrap\RegisterProviders.php(17): Illuminate\Foundation\Application->registerConfiguredProviders()
#12 D:\xampp\htdocs\standalone\vendor\laravel\framework\src\Illuminate\Foundation\Application.php(242): Illuminate\Foundation\Bootstrap\RegisterProviders->bootstrap(Object(Illuminate\Foundation\Application))
#13 D:\xampp\htdocs\standalone\vendor\laravel\framework\src\Illuminate\Foundation\Http\Kernel.php(153): Illuminate\Foundation\Application->bootstrapWith(Array)
#14 D:\xampp\htdocs\standalone\vendor\laravel\framework\src\Illuminate\Foundation\Http\Kernel.php(137): Illuminate\Foundation\Http\Kernel->bootstrap()
#15 D:\xampp\htdocs\standalone\vendor\laravel\framework\src\Illuminate\Foundation\Http\Kernel.php(111): Illuminate\Foundation\Http\Kernel->sendRequestThroughRouter(Object(Illuminate\Http\Request))
#16 D:\xampp\htdocs\standalone\public\index.php(64): Illuminate\Foundation\Http\Kernel->handle(Object(Illuminate\Http\Request))
#17 {main}  
[2022-12-14 15:36:18] local.INFO: PDOException: SQLSTATE[42S02]: Base table or view not found: 1146 Table 'evalupro_db.pusher_settings' doesn't exist in D:\xampp\htdocs\standalone\vendor\laravel\framework\src\Illuminate\Database\Connection.php:413
Stack trace:
#0 D:\xampp\htdocs\standalone\vendor\laravel\framework\src\Illuminate\Database\Connection.php(413): PDO->prepare('select * from `...')
#1 D:\xampp\htdocs\standalone\vendor\laravel\framework\src\Illuminate\Database\Connection.php(752): Illuminate\Database\Connection->Illuminate\Database\{closure}('select * from `...', Array)
#2 D:\xampp\htdocs\standalone\vendor\laravel\framework\src\Illuminate\Database\Connection.php(719): Illuminate\Database\Connection->runQueryCallback('select * from `...', Array, Object(Closure))
#3 D:\xampp\htdocs\standalone\vendor\laravel\framework\src\Illuminate\Database\Connection.php(421): Illuminate\Database\Connection->run('select * from `...', Array, Object(Closure))
#4 D:\xampp\htdocs\standalone\vendor\laravel\framework\src\Illuminate\Database\Query\Builder.php(2630): Illuminate\Database\Connection->select('select * from `...', Array, true)
#5 D:\xampp\htdocs\standalone\vendor\laravel\framework\src\Illuminate\Database\Query\Builder.php(2618): Illuminate\Database\Query\Builder->runSelect()
#6 D:\xampp\htdocs\standalone\vendor\laravel\framework\src\Illuminate\Database\Query\Builder.php(3154): Illuminate\Database\Query\Builder->Illuminate\Database\Query\{closure}()
#7 D:\xampp\htdocs\standalone\vendor\laravel\framework\src\Illuminate\Database\Query\Builder.php(2619): Illuminate\Database\Query\Builder->onceWithColumns(Array, Object(Closure))
#8 D:\xampp\htdocs\standalone\vendor\laravel\framework\src\Illuminate\Database\Concerns\BuildsQueries.php(296): Illuminate\Database\Query\Builder->get(Array)
#9 D:\xampp\htdocs\standalone\app\Providers\BroadcastServiceProvider.php(17): Illuminate\Database\Query\Builder->first()
#10 D:\xampp\htdocs\standalone\vendor\laravel\framework\src\Illuminate\Foundation\Application.php(689): App\Providers\BroadcastServiceProvider->register()
#11 D:\xampp\htdocs\standalone\vendor\laravel\framework\src\Illuminate\Foundation\ProviderRepository.php(75): Illuminate\Foundation\Application->register(Object(App\Providers\BroadcastServiceProvider))
#12 D:\xampp\htdocs\standalone\vendor\laravel\framework\src\Illuminate\Foundation\Application.php(666): Illuminate\Foundation\ProviderRepository->load(Array)
#13 D:\xampp\htdocs\standalone\vendor\laravel\framework\src\Illuminate\Foundation\Bootstrap\RegisterProviders.php(17): Illuminate\Foundation\Application->registerConfiguredProviders()
#14 D:\xampp\htdocs\standalone\vendor\laravel\framework\src\Illuminate\Foundation\Application.php(242): Illuminate\Foundation\Bootstrap\RegisterProviders->bootstrap(Object(Illuminate\Foundation\Application))
#15 D:\xampp\htdocs\standalone\vendor\laravel\framework\src\Illuminate\Foundation\Http\Kernel.php(153): Illuminate\Foundation\Application->bootstrapWith(Array)
#16 D:\xampp\htdocs\standalone\vendor\laravel\framework\src\Illuminate\Foundation\Http\Kernel.php(137): Illuminate\Foundation\Http\Kernel->bootstrap()
#17 D:\xampp\htdocs\standalone\vendor\laravel\framework\src\Illuminate\Foundation\Http\Kernel.php(111): Illuminate\Foundation\Http\Kernel->sendRequestThroughRouter(Object(Illuminate\Http\Request))
#18 D:\xampp\htdocs\standalone\public\index.php(64): Illuminate\Foundation\Http\Kernel->handle(Object(Illuminate\Http\Request))
#19 {main}

Next Illuminate\Database\QueryException: SQLSTATE[42S02]: Base table or view not found: 1146 Table 'evalupro_db.pusher_settings' doesn't exist (SQL: select * from `pusher_settings` limit 1) in D:\xampp\htdocs\standalone\vendor\laravel\framework\src\Illuminate\Database\Connection.php:759
Stack trace:
#0 D:\xampp\htdocs\standalone\vendor\laravel\framework\src\Illuminate\Database\Connection.php(719): Illuminate\Database\Connection->runQueryCallback('select * from `...', Array, Object(Closure))
#1 D:\xampp\htdocs\standalone\vendor\laravel\framework\src\Illuminate\Database\Connection.php(421): Illuminate\Database\Connection->run('select * from `...', Array, Object(Closure))
#2 D:\xampp\htdocs\standalone\vendor\laravel\framework\src\Illuminate\Database\Query\Builder.php(2630): Illuminate\Database\Connection->select('select * from `...', Array, true)
#3 D:\xampp\htdocs\standalone\vendor\laravel\framework\src\Illuminate\Database\Query\Builder.php(2618): Illuminate\Database\Query\Builder->runSelect()
#4 D:\xampp\htdocs\standalone\vendor\laravel\framework\src\Illuminate\Database\Query\Builder.php(3154): Illuminate\Database\Query\Builder->Illuminate\Database\Query\{closure}()
#5 D:\xampp\htdocs\standalone\vendor\laravel\framework\src\Illuminate\Database\Query\Builder.php(2619): Illuminate\Database\Query\Builder->onceWithColumns(Array, Object(Closure))
#6 D:\xampp\htdocs\standalone\vendor\laravel\framework\src\Illuminate\Database\Concerns\BuildsQueries.php(296): Illuminate\Database\Query\Builder->get(Array)
#7 D:\xampp\htdocs\standalone\app\Providers\BroadcastServiceProvider.php(17): Illuminate\Database\Query\Builder->first()
#8 D:\xampp\htdocs\standalone\vendor\laravel\framework\src\Illuminate\Foundation\Application.php(689): App\Providers\BroadcastServiceProvider->register()
#9 D:\xampp\htdocs\standalone\vendor\laravel\framework\src\Illuminate\Foundation\ProviderRepository.php(75): Illuminate\Foundation\Application->register(Object(App\Providers\BroadcastServiceProvider))
#10 D:\xampp\htdocs\standalone\vendor\laravel\framework\src\Illuminate\Foundation\Application.php(666): Illuminate\Foundation\ProviderRepository->load(Array)
#11 D:\xampp\htdocs\standalone\vendor\laravel\framework\src\Illuminate\Foundation\Bootstrap\RegisterProviders.php(17): Illuminate\Foundation\Application->registerConfiguredProviders()
#12 D:\xampp\htdocs\standalone\vendor\laravel\framework\src\Illuminate\Foundation\Application.php(242): Illuminate\Foundation\Bootstrap\RegisterProviders->bootstrap(Object(Illuminate\Foundation\Application))
#13 D:\xampp\htdocs\standalone\vendor\laravel\framework\src\Illuminate\Foundation\Http\Kernel.php(153): Illuminate\Foundation\Application->bootstrapWith(Array)
#14 D:\xampp\htdocs\standalone\vendor\laravel\framework\src\Illuminate\Foundation\Http\Kernel.php(137): Illuminate\Foundation\Http\Kernel->bootstrap()
#15 D:\xampp\htdocs\standalone\vendor\laravel\framework\src\Illuminate\Foundation\Http\Kernel.php(111): Illuminate\Foundation\Http\Kernel->sendRequestThroughRouter(Object(Illuminate\Http\Request))
#16 D:\xampp\htdocs\standalone\public\index.php(64): Illuminate\Foundation\Http\Kernel->handle(Object(Illuminate\Http\Request))
#17 {main}  
[2022-12-14 15:36:18] local.INFO: PDOException: SQLSTATE[42S02]: Base table or view not found: 1146 Table 'evalupro_db.pusher_settings' doesn't exist in D:\xampp\htdocs\standalone\vendor\laravel\framework\src\Illuminate\Database\Connection.php:413
Stack trace:
#0 D:\xampp\htdocs\standalone\vendor\laravel\framework\src\Illuminate\Database\Connection.php(413): PDO->prepare('select * from `...')
#1 D:\xampp\htdocs\standalone\vendor\laravel\framework\src\Illuminate\Database\Connection.php(752): Illuminate\Database\Connection->Illuminate\Database\{closure}('select * from `...', Array)
#2 D:\xampp\htdocs\standalone\vendor\laravel\framework\src\Illuminate\Database\Connection.php(719): Illuminate\Database\Connection->runQueryCallback('select * from `...', Array, Object(Closure))
#3 D:\xampp\htdocs\standalone\vendor\laravel\framework\src\Illuminate\Database\Connection.php(421): Illuminate\Database\Connection->run('select * from `...', Array, Object(Closure))
#4 D:\xampp\htdocs\standalone\vendor\laravel\framework\src\Illuminate\Database\Query\Builder.php(2630): Illuminate\Database\Connection->select('select * from `...', Array, true)
#5 D:\xampp\htdocs\standalone\vendor\laravel\framework\src\Illuminate\Database\Query\Builder.php(2618): Illuminate\Database\Query\Builder->runSelect()
#6 D:\xampp\htdocs\standalone\vendor\laravel\framework\src\Illuminate\Database\Query\Builder.php(3154): Illuminate\Database\Query\Builder->Illuminate\Database\Query\{closure}()
#7 D:\xampp\htdocs\standalone\vendor\laravel\framework\src\Illuminate\Database\Query\Builder.php(2619): Illuminate\Database\Query\Builder->onceWithColumns(Array, Object(Closure))
#8 D:\xampp\htdocs\standalone\vendor\laravel\framework\src\Illuminate\Database\Concerns\BuildsQueries.php(296): Illuminate\Database\Query\Builder->get(Array)
#9 D:\xampp\htdocs\standalone\app\Providers\BroadcastServiceProvider.php(17): Illuminate\Database\Query\Builder->first()
#10 D:\xampp\htdocs\standalone\vendor\laravel\framework\src\Illuminate\Foundation\Application.php(689): App\Providers\BroadcastServiceProvider->register()
#11 D:\xampp\htdocs\standalone\vendor\laravel\framework\src\Illuminate\Foundation\ProviderRepository.php(75): Illuminate\Foundation\Application->register(Object(App\Providers\BroadcastServiceProvider))
#12 D:\xampp\htdocs\standalone\vendor\laravel\framework\src\Illuminate\Foundation\Application.php(666): Illuminate\Foundation\ProviderRepository->load(Array)
#13 D:\xampp\htdocs\standalone\vendor\laravel\framework\src\Illuminate\Foundation\Bootstrap\RegisterProviders.php(17): Illuminate\Foundation\Application->registerConfiguredProviders()
#14 D:\xampp\htdocs\standalone\vendor\laravel\framework\src\Illuminate\Foundation\Application.php(242): Illuminate\Foundation\Bootstrap\RegisterProviders->bootstrap(Object(Illuminate\Foundation\Application))
#15 D:\xampp\htdocs\standalone\vendor\laravel\framework\src\Illuminate\Foundation\Http\Kernel.php(153): Illuminate\Foundation\Application->bootstrapWith(Array)
#16 D:\xampp\htdocs\standalone\vendor\laravel\framework\src\Illuminate\Foundation\Http\Kernel.php(137): Illuminate\Foundation\Http\Kernel->bootstrap()
#17 D:\xampp\htdocs\standalone\vendor\laravel\framework\src\Illuminate\Foundation\Http\Kernel.php(111): Illuminate\Foundation\Http\Kernel->sendRequestThroughRouter(Object(Illuminate\Http\Request))
#18 D:\xampp\htdocs\standalone\public\index.php(64): Illuminate\Foundation\Http\Kernel->handle(Object(Illuminate\Http\Request))
#19 {main}

Next Illuminate\Database\QueryException: SQLSTATE[42S02]: Base table or view not found: 1146 Table 'evalupro_db.pusher_settings' doesn't exist (SQL: select * from `pusher_settings` limit 1) in D:\xampp\htdocs\standalone\vendor\laravel\framework\src\Illuminate\Database\Connection.php:759
Stack trace:
#0 D:\xampp\htdocs\standalone\vendor\laravel\framework\src\Illuminate\Database\Connection.php(719): Illuminate\Database\Connection->runQueryCallback('select * from `...', Array, Object(Closure))
#1 D:\xampp\htdocs\standalone\vendor\laravel\framework\src\Illuminate\Database\Connection.php(421): Illuminate\Database\Connection->run('select * from `...', Array, Object(Closure))
#2 D:\xampp\htdocs\standalone\vendor\laravel\framework\src\Illuminate\Database\Query\Builder.php(2630): Illuminate\Database\Connection->select('select * from `...', Array, true)
#3 D:\xampp\htdocs\standalone\vendor\laravel\framework\src\Illuminate\Database\Query\Builder.php(2618): Illuminate\Database\Query\Builder->runSelect()
#4 D:\xampp\htdocs\standalone\vendor\laravel\framework\src\Illuminate\Database\Query\Builder.php(3154): Illuminate\Database\Query\Builder->Illuminate\Database\Query\{closure}()
#5 D:\xampp\htdocs\standalone\vendor\laravel\framework\src\Illuminate\Database\Query\Builder.php(2619): Illuminate\Database\Query\Builder->onceWithColumns(Array, Object(Closure))
#6 D:\xampp\htdocs\standalone\vendor\laravel\framework\src\Illuminate\Database\Concerns\BuildsQueries.php(296): Illuminate\Database\Query\Builder->get(Array)
#7 D:\xampp\htdocs\standalone\app\Providers\BroadcastServiceProvider.php(17): Illuminate\Database\Query\Builder->first()
#8 D:\xampp\htdocs\standalone\vendor\laravel\framework\src\Illuminate\Foundation\Application.php(689): App\Providers\BroadcastServiceProvider->register()
#9 D:\xampp\htdocs\standalone\vendor\laravel\framework\src\Illuminate\Foundation\ProviderRepository.php(75): Illuminate\Foundation\Application->register(Object(App\Providers\BroadcastServiceProvider))
#10 D:\xampp\htdocs\standalone\vendor\laravel\framework\src\Illuminate\Foundation\Application.php(666): Illuminate\Foundation\ProviderRepository->load(Array)
#11 D:\xampp\htdocs\standalone\vendor\laravel\framework\src\Illuminate\Foundation\Bootstrap\RegisterProviders.php(17): Illuminate\Foundation\Application->registerConfiguredProviders()
#12 D:\xampp\htdocs\standalone\vendor\laravel\framework\src\Illuminate\Foundation\Application.php(242): Illuminate\Foundation\Bootstrap\RegisterProviders->bootstrap(Object(Illuminate\Foundation\Application))
#13 D:\xampp\htdocs\standalone\vendor\laravel\framework\src\Illuminate\Foundation\Http\Kernel.php(153): Illuminate\Foundation\Application->bootstrapWith(Array)
#14 D:\xampp\htdocs\standalone\vendor\laravel\framework\src\Illuminate\Foundation\Http\Kernel.php(137): Illuminate\Foundation\Http\Kernel->bootstrap()
#15 D:\xampp\htdocs\standalone\vendor\laravel\framework\src\Illuminate\Foundation\Http\Kernel.php(111): Illuminate\Foundation\Http\Kernel->sendRequestThroughRouter(Object(Illuminate\Http\Request))
#16 D:\xampp\htdocs\standalone\public\index.php(64): Illuminate\Foundation\Http\Kernel->handle(Object(Illuminate\Http\Request))
#17 {main}  
